
Showing logs for build [32mcb-kubecd-bdd-gh-1568818896-pr-1[0m stage [32mmeta-pipeline[0m and container [32mstep-credential-initializer-tszw4[0m
{"level":"warn","ts":1568819611.660823,"logger":"fallback-logger","caller":"logging/config.go:69","msg":"Fetch GitHub commit ID from kodata failed: \"ref: refs/heads/master\" is not a valid GitHub commit ID"}
{"level":"info","ts":1568819611.661208,"logger":"fallback-logger","caller":"creds-init/main.go:40","msg":"Credentials initialized."}

Showing logs for build [32mcb-kubecd-bdd-gh-1568818896-pr-1[0m stage [32mmeta-pipeline[0m and container [32mstep-working-dir-initializer-nvxcb[0m
{"level":"warn","ts":1568819612.0897806,"logger":"fallback-logger","caller":"logging/config.go:69","msg":"Fetch GitHub commit ID from kodata failed: open /var/run/ko/HEAD: no such file or directory"}
{"level":"info","ts":1568819612.092171,"logger":"fallback-logger","caller":"bash/main.go:65","msg":"Successfully executed command \"mkdir -p /workspace/source\""}

Showing logs for build [32mcb-kubecd-bdd-gh-1568818896-pr-1[0m stage [32mmeta-pipeline[0m and container [32mstep-place-tools[0m

Showing logs for build [32mcb-kubecd-bdd-gh-1568818896-pr-1[0m stage [32mmeta-pipeline[0m and container [32mstep-git-source-meta-cb-kubecd-bdd-gh-156881889-4qvgm[0m
{"level":"warn","ts":1568819618.258453,"logger":"fallback-logger","caller":"logging/config.go:69","msg":"Fetch GitHub commit ID from kodata failed: \"ref: refs/heads/master\" is not a valid GitHub commit ID"}
{"level":"info","ts":1568819619.3205357,"logger":"fallback-logger","caller":"git/git.go:102","msg":"Successfully cloned https://github.com/cb-kubecd/bdd-gh-1568818896.git @ d826dda13d1e46f6da484953d171df94a732e20b in path /workspace/source"}

Showing logs for build [32mcb-kubecd-bdd-gh-1568818896-pr-1[0m stage [32mmeta-pipeline[0m and container [32mstep-git-merge[0m
Using SHAs from PULL_REFS=master:d826dda13d1e46f6da484953d171df94a732e20b,1:13e0b0e83305304600c445f49ae76598a415ad8d
DEBUG: ran git fetch --unshallow origin 13e0b0e83305304600c445f49ae76598a415ad8d: d826dda13d1e46f6da484953d171df94a732e20b: in 
DEBUG: ran git checkout master in 
DEBUG: ran git reset --hard d826dda13d1e46f6da484953d171df94a732e20b in 
DEBUG: ran clean --force -d . in 
DEBUG: ran git merge 13e0b0e83305304600c445f49ae76598a415ad8d in 
Merged SHA 13e0b0e83305304600c445f49ae76598a415ad8d with commit message 'My first PR commit' into base branch master

Showing logs for build [32mcb-kubecd-bdd-gh-1568818896-pr-1[0m stage [32mmeta-pipeline[0m and container [32mstep-merge-pull-refs[0m
DEBUG: ran git fetch origin 13e0b0e83305304600c445f49ae76598a415ad8d: d826dda13d1e46f6da484953d171df94a732e20b: in 
DEBUG: Unshallowed git repo in 
DEBUG: ran git checkout master in 
DEBUG: ran git reset --hard d826dda13d1e46f6da484953d171df94a732e20b in 
DEBUG: ran clean --force -d . in 
DEBUG: ran git merge 13e0b0e83305304600c445f49ae76598a415ad8d in 
Merged SHA 13e0b0e83305304600c445f49ae76598a415ad8d with commit message 'My first PR commit' into base branch master

Showing logs for build [32mcb-kubecd-bdd-gh-1568818896-pr-1[0m stage [32mmeta-pipeline[0m and container [32mstep-create-effective-pipeline[0m
Deleting and cloning the Jenkins X versions repo
Cloning the Jenkins X versions repo https://github.com/jenkins-x/jenkins-x-versions.git with ref refs/heads/master to /builder/home/.**/jenkins-x-versions
Effective pipeline written to jenkins-x-serverless-jenkins-effective.yml

Showing logs for build [32mcb-kubecd-bdd-gh-1568818896-pr-1[0m stage [32mmeta-pipeline[0m and container [32mstep-create-tekton-crds[0m
PipelineActivity for cb-kubecd-bdd-gh-1568818896-PR-1-1
Applying changes 
upserted PipelineResource cb-kubecd-bdd-gh-1568818896-pr for the git repository https://github.com/cb-kubecd/bdd-gh-1568818896.git
upserted Task cb-kubecd-bdd-gh-1568818896-pr-from-build-pack-1
upserted Pipeline cb-kubecd-bdd-gh-1568818896-pr-1
created PipelineRun cb-kubecd-bdd-gh-1568818896-pr-1
created PipelineStructure cb-kubecd-bdd-gh-1568818896-pr-1

Showing logs for build [32mcb-kubecd-bdd-gh-1568818896-pr-1[0m stage [32mfrom-build-pack[0m and container [32mstep-credential-initializer-vgkwh[0m
{"level":"warn","ts":1568819632.0858161,"logger":"fallback-logger","caller":"logging/config.go:69","msg":"Fetch GitHub commit ID from kodata failed: \"ref: refs/heads/master\" is not a valid GitHub commit ID"}
{"level":"info","ts":1568819632.086329,"logger":"fallback-logger","caller":"creds-init/main.go:40","msg":"Credentials initialized."}

Showing logs for build [32mcb-kubecd-bdd-gh-1568818896-pr-1[0m stage [32mfrom-build-pack[0m and container [32mstep-working-dir-initializer-bntl8[0m
{"level":"warn","ts":1568819633.1023026,"logger":"fallback-logger","caller":"logging/config.go:69","msg":"Fetch GitHub commit ID from kodata failed: open /var/run/ko/HEAD: no such file or directory"}
{"level":"info","ts":1568819633.1239874,"logger":"fallback-logger","caller":"bash/main.go:65","msg":"Successfully executed command \"mkdir -p /workspace/source /workspace/source/charts/preview\""}

Showing logs for build [32mcb-kubecd-bdd-gh-1568818896-pr-1[0m stage [32mfrom-build-pack[0m and container [32mstep-place-tools[0m

Showing logs for build [32mcb-kubecd-bdd-gh-1568818896-pr-1[0m stage [32mfrom-build-pack[0m and container [32mstep-git-source-cb-kubecd-bdd-gh-1568818896-pr-hnssh[0m
{"level":"warn","ts":1568819639.189295,"logger":"fallback-logger","caller":"logging/config.go:69","msg":"Fetch GitHub commit ID from kodata failed: \"ref: refs/heads/master\" is not a valid GitHub commit ID"}
{"level":"info","ts":1568819640.2576277,"logger":"fallback-logger","caller":"git/git.go:102","msg":"Successfully cloned https://github.com/cb-kubecd/bdd-gh-1568818896.git @ master in path /workspace/source"}

Showing logs for build [32mcb-kubecd-bdd-gh-1568818896-pr-1[0m stage [32mfrom-build-pack[0m and container [32mstep-git-merge[0m
Using SHAs from PULL_REFS=master:d826dda13d1e46f6da484953d171df94a732e20b,1:13e0b0e83305304600c445f49ae76598a415ad8d
DEBUG: ran git fetch --unshallow origin 13e0b0e83305304600c445f49ae76598a415ad8d: d826dda13d1e46f6da484953d171df94a732e20b: in 
DEBUG: ran git checkout master in 
DEBUG: ran git reset --hard d826dda13d1e46f6da484953d171df94a732e20b in 
DEBUG: ran clean --force -d . in 
DEBUG: ran git merge 13e0b0e83305304600c445f49ae76598a415ad8d in 
Merged SHA 13e0b0e83305304600c445f49ae76598a415ad8d with commit message 'My first PR commit' into base branch master

Showing logs for build [32mcb-kubecd-bdd-gh-1568818896-pr-1[0m stage [32mfrom-build-pack[0m and container [32mstep-build-make-linux[0m
CGO_ENABLED=0 GOOS=linux GOARCH=amd64 GO15VENDOREXPERIMENT=1 go build -ldflags '' -o bin/bdd-gh-1568818896 main.go

Showing logs for build [32mcb-kubecd-bdd-gh-1568818896-pr-1[0m stage [32mfrom-build-pack[0m and container [32mstep-build-container-build[0m
[36mINFO[0m[0000] No base image, nothing to extract            
[36mINFO[0m[0000] cmd: EXPOSE                                  
[36mINFO[0m[0000] Adding exposed port: 8080/tcp                
[36mINFO[0m[0000] Using files from context: [/workspace/source/bin] 
[36mINFO[0m[0000] Skipping unpacking as no commands require it. 
[36mINFO[0m[0000] Taking snapshot of full filesystem...        
[36mINFO[0m[0000] EXPOSE 8080                                  
[36mINFO[0m[0000] cmd: EXPOSE                                  
[36mINFO[0m[0000] Adding exposed port: 8080/tcp                
[36mINFO[0m[0000] No files changed in this command, skipping snapshotting. 
[36mINFO[0m[0000] ENTRYPOINT ["/bdd-gh-1568818896"]            
[36mINFO[0m[0000] No files changed in this command, skipping snapshotting. 
[36mINFO[0m[0000] Using files from context: [/workspace/source/bin] 
[36mINFO[0m[0000] COPY ./bin/ /                                
[36mINFO[0m[0000] Taking snapshot of files...                  
2019/09/18 15:14:12 pushed blob: sha256:7830f8e5ef3bfb8cc17c852f4411513ea156e25e9a711010dafb08d14ffcb99d
2019/09/18 15:14:12 pushed blob: sha256:bc2572797d6399981c9f909d662c1e917993572bfdbcd233f2c615bed764537c
2019/09/18 15:14:14 gcr.io/jenkins-x-bdd3/bdd-gh-1568818896:0.0.0-SNAPSHOT-PR-1-1: digest: sha256:ba87ebbba636bba1e3e04f0142d66bac201acafd2c64a5625f8c80b22bca9309 size: 428

Showing logs for build [32mcb-kubecd-bdd-gh-1568818896-pr-1[0m stage [32mfrom-build-pack[0m and container [32mstep-postbuild-post-build[0m
no CVE provider running in the current ** namespace so skip adding image to be analysed

Showing logs for build [32mcb-kubecd-bdd-gh-1568818896-pr-1[0m stage [32mfrom-build-pack[0m and container [32mstep-promote-make-preview[0m
sed -i -e "s/version:.*/version: 0.0.0-SNAPSHOT-PR-1-1/" Chart.yaml
sed -i -e "s/version:.*/version: 0.0.0-SNAPSHOT-PR-1-1/" ../*/Chart.yaml
sed -i -e "s|repository:.*|repository: gcr.io\/jenkins-x-bdd3\/bdd-gh-1568818896|" values.yaml
sed -i -e "s/tag:.*/tag: 0.0.0-SNAPSHOT-PR-1-1/" values.yaml
echo "  version: 0.0.0-SNAPSHOT-PR-1-1" >> requirements.yaml
** step helm build
WARNING: No $CHART_REPOSITORY defined so using the default value of: http://jenkins-x-chartmuseum:8080
Adding missing Helm repo: storage.googleapis.com https://storage.googleapis.com/chartmuseum.jenkins-x.io
Successfully added Helm repository storage.googleapis.com.
Adding missing Helm repo: jenkins-x-chartmuseum http://jenkins-x-chartmuseum:8080
Successfully added Helm repository jenkins-x-chartmuseum.
WARNING: No $CHART_REPOSITORY defined so using the default value of: http://jenkins-x-chartmuseum:8080
Adding missing Helm repo: chartmuseum.jenkins-x.io http://chartmuseum.jenkins-x.io
Successfully added Helm repository chartmuseum.jenkins-x.io.

Showing logs for build [32mcb-kubecd-bdd-gh-1568818896-pr-1[0m stage [32mfrom-build-pack[0m and container [32mstep-promote-jx-preview[0m
Creating a preview
WARNING: No author for commit: 13e0b0e83305304600c445f49ae76598a415ad8d
Created environment cb-kubecd-bdd-gh-1568818896-pr-1
Namespace **-cb-kubecd-bdd-gh-1568818896-pr-1 created 
expose:
  Annotations:
    helm.sh/hook: post-install,post-upgrade
    helm.sh/hook-delete-policy: hook-succeeded
  config:
    domain: 34.77.142.162.nip.io
    exposer: Ingress
    http: "true"
preview:
  image:
    repository: gcr.io/jenkins-x-bdd3/bdd-gh-1568818896
    tag: 0.0.0-SNAPSHOT-PR-1-1
Deleting and cloning the Jenkins X versions repo
Cloning the Jenkins X versions repo https://github.com/jenkins-x/jenkins-x-versions.git with ref refs/heads/master to /builder/home/.**/jenkins-x-versions


Updating PipelineActivities cb-kubecd-bdd-gh-1568818896-pr-1-1 which has status Running
WARNING: preview application http://bdd-gh-1568818896.**-cb-kubecd-bdd-gh-1568818896-pr-1.34.77.142.162.nip.io not available, error was 503 503 Service Temporarily Unavailable, delaying for: 1.252573036s
WARNING: preview application http://bdd-gh-1568818896.**-cb-kubecd-bdd-gh-1568818896-pr-1.34.77.142.162.nip.io not available, error was 503 503 Service Temporarily Unavailable, delaying for: 1.795078749s
Preview application is now available at: http://bdd-gh-1568818896.**-cb-kubecd-bdd-gh-1568818896-pr-1.34.77.142.162.nip.io
